{"/home/v/Desktop/develop/test/arrays.js": {"path":"/home/v/Desktop/develop/test/arrays.js","statementMap":{"0":{"start":{"line":1,"column":27},"end":{"line":1,"column":83}},"1":{"start":{"line":1,"column":33},"end":{"line":1,"column":83}},"2":{"start":{"line":2,"column":15},"end":{"line":2,"column":52}},"3":{"start":{"line":5,"column":27},"end":{"line":5,"column":39}},"4":{"start":{"line":5,"column":33},"end":{"line":5,"column":39}}},"fnMap":{"0":{"name":"(anonymous_0)","decl":{"start":{"line":1,"column":27},"end":{"line":1,"column":28}},"loc":{"start":{"line":1,"column":33},"end":{"line":1,"column":83}},"line":1},"1":{"name":"(anonymous_1)","decl":{"start":{"line":5,"column":27},"end":{"line":5,"column":28}},"loc":{"start":{"line":5,"column":33},"end":{"line":5,"column":39}},"line":5}},"branchMap":{},"s":{"0":1,"1":1,"2":1,"3":1,"4":2},"f":{"0":1,"1":2},"b":{},"_coverageSchema":"43e27e138ebf9cfc5966b082cf9a028302ed4184","hash":"87764b86a9fb82b3d66c25e83c57772f7abe026d"}
,"/home/v/Desktop/develop/test/math.js": {"path":"/home/v/Desktop/develop/test/math.js","statementMap":{"0":{"start":{"line":1,"column":21},"end":{"line":1,"column":36}},"1":{"start":{"line":1,"column":31},"end":{"line":1,"column":36}},"2":{"start":{"line":3,"column":27},"end":{"line":3,"column":42}},"3":{"start":{"line":3,"column":37},"end":{"line":3,"column":42}},"4":{"start":{"line":5,"column":22},"end":{"line":5,"column":37}},"5":{"start":{"line":5,"column":32},"end":{"line":5,"column":37}},"6":{"start":{"line":7,"column":23},"end":{"line":7,"column":38}},"7":{"start":{"line":7,"column":33},"end":{"line":7,"column":38}}},"fnMap":{"0":{"name":"(anonymous_0)","decl":{"start":{"line":1,"column":21},"end":{"line":1,"column":22}},"loc":{"start":{"line":1,"column":31},"end":{"line":1,"column":36}},"line":1},"1":{"name":"(anonymous_1)","decl":{"start":{"line":3,"column":27},"end":{"line":3,"column":28}},"loc":{"start":{"line":3,"column":37},"end":{"line":3,"column":42}},"line":3},"2":{"name":"(anonymous_2)","decl":{"start":{"line":5,"column":22},"end":{"line":5,"column":23}},"loc":{"start":{"line":5,"column":32},"end":{"line":5,"column":37}},"line":5},"3":{"name":"(anonymous_3)","decl":{"start":{"line":7,"column":23},"end":{"line":7,"column":24}},"loc":{"start":{"line":7,"column":33},"end":{"line":7,"column":38}},"line":7}},"branchMap":{},"s":{"0":1,"1":1,"2":1,"3":1,"4":1,"5":1,"6":1,"7":1},"f":{"0":1,"1":1,"2":1,"3":1},"b":{},"_coverageSchema":"43e27e138ebf9cfc5966b082cf9a028302ed4184","hash":"54d6d39f8ddcd9249d52898fb298d80965447570"}
,"/home/v/Desktop/develop/test/numbers.js": {"path":"/home/v/Desktop/develop/test/numbers.js","statementMap":{"0":{"start":{"line":1,"column":23},"end":{"line":1,"column":38}},"1":{"start":{"line":1,"column":33},"end":{"line":1,"column":38}}},"fnMap":{"0":{"name":"(anonymous_0)","decl":{"start":{"line":1,"column":23},"end":{"line":1,"column":24}},"loc":{"start":{"line":1,"column":33},"end":{"line":1,"column":38}},"line":1}},"branchMap":{},"s":{"0":1,"1":5},"f":{"0":5},"b":{},"_coverageSchema":"43e27e138ebf9cfc5966b082cf9a028302ed4184","hash":"f3d53eb497866a12362ea8b56c14655c3bf7a04b"}
,"/home/v/Desktop/develop/test/true.js": {"path":"/home/v/Desktop/develop/test/true.js","statementMap":{"0":{"start":{"line":1,"column":22},"end":{"line":1,"column":32}},"1":{"start":{"line":1,"column":28},"end":{"line":1,"column":32}},"2":{"start":{"line":2,"column":22},"end":{"line":2,"column":32}},"3":{"start":{"line":2,"column":28},"end":{"line":2,"column":32}},"4":{"start":{"line":3,"column":23},"end":{"line":3,"column":34}},"5":{"start":{"line":3,"column":29},"end":{"line":3,"column":34}},"6":{"start":{"line":4,"column":27},"end":{"line":4,"column":42}},"7":{"start":{"line":4,"column":33},"end":{"line":4,"column":42}}},"fnMap":{"0":{"name":"(anonymous_0)","decl":{"start":{"line":1,"column":22},"end":{"line":1,"column":23}},"loc":{"start":{"line":1,"column":28},"end":{"line":1,"column":32}},"line":1},"1":{"name":"(anonymous_1)","decl":{"start":{"line":2,"column":22},"end":{"line":2,"column":23}},"loc":{"start":{"line":2,"column":28},"end":{"line":2,"column":32}},"line":2},"2":{"name":"(anonymous_2)","decl":{"start":{"line":3,"column":23},"end":{"line":3,"column":24}},"loc":{"start":{"line":3,"column":29},"end":{"line":3,"column":34}},"line":3},"3":{"name":"(anonymous_3)","decl":{"start":{"line":4,"column":27},"end":{"line":4,"column":28}},"loc":{"start":{"line":4,"column":33},"end":{"line":4,"column":42}},"line":4}},"branchMap":{},"s":{"0":1,"1":1,"2":1,"3":1,"4":1,"5":1,"6":1,"7":1},"f":{"0":1,"1":1,"2":1,"3":1},"b":{},"_coverageSchema":"43e27e138ebf9cfc5966b082cf9a028302ed4184","hash":"2ff81332fc33109c7a7da4017fc9097f17c7f354"}
}
